D:\SUBZERO\KOMPLETNORESENJE\MODEL1\PROCESSWAVFILE\DEBUG\MODEL1.EXE
D:\SUBZERO\KOMPLETNORESENJE\MODEL1\PROCESSWAVFILE\DEBUG\MODEL1.ILK
D:\SUBZERO\KOMPLETNORESENJE\MODEL1\PROCESSWAVFILE\DEBUG\MODEL1.PDB
D:\SubZero\kompletnoResenje\model1\ProcessWavFile\ProcessWavFile\Debug\cl.command.1.tlog
D:\SubZero\kompletnoResenje\model1\ProcessWavFile\ProcessWavFile\Debug\CL.read.1.tlog
D:\SubZero\kompletnoResenje\model1\ProcessWavFile\ProcessWavFile\Debug\CL.write.1.tlog
D:\SUBZERO\KOMPLETNORESENJE\MODEL1\PROCESSWAVFILE\PROCESSWAVFILE\DEBUG\INVERTER.OBJ
D:\SubZero\kompletnoResenje\model1\ProcessWavFile\ProcessWavFile\Debug\link.2432.read.1.tlog
D:\SubZero\kompletnoResenje\model1\ProcessWavFile\ProcessWavFile\Debug\link.2432.write.1.tlog
D:\SubZero\kompletnoResenje\model1\ProcessWavFile\ProcessWavFile\Debug\link.2432-cvtres.read.1.tlog
D:\SubZero\kompletnoResenje\model1\ProcessWavFile\ProcessWavFile\Debug\link.2432-cvtres.write.1.tlog
D:\SubZero\kompletnoResenje\model1\ProcessWavFile\ProcessWavFile\Debug\link.command.1.tlog
D:\SubZero\kompletnoResenje\model1\ProcessWavFile\ProcessWavFile\Debug\link.read.1.tlog
D:\SubZero\kompletnoResenje\model1\ProcessWavFile\ProcessWavFile\Debug\link.write.1.tlog
D:\SubZero\kompletnoResenje\model1\ProcessWavFile\ProcessWavFile\Debug\link-cvtres.read.1.tlog
D:\SubZero\kompletnoResenje\model1\ProcessWavFile\ProcessWavFile\Debug\link-cvtres.write.1.tlog
D:\SUBZERO\KOMPLETNORESENJE\MODEL1\PROCESSWAVFILE\PROCESSWAVFILE\DEBUG\MAIN.OBJ
D:\SUBZERO\KOMPLETNORESENJE\MODEL1\PROCESSWAVFILE\PROCESSWAVFILE\DEBUG\MODEL1.EXE.EMBED.MANIFEST
D:\SUBZERO\KOMPLETNORESENJE\MODEL1\PROCESSWAVFILE\PROCESSWAVFILE\DEBUG\MODEL1.EXE.EMBED.MANIFEST.RES
D:\SUBZERO\KOMPLETNORESENJE\MODEL1\PROCESSWAVFILE\PROCESSWAVFILE\DEBUG\MODEL1.EXE.INTERMEDIATE.MANIFEST
D:\SubZero\kompletnoResenje\model1\ProcessWavFile\ProcessWavFile\Debug\model1.write.1.tlog
D:\SubZero\kompletnoResenje\model1\ProcessWavFile\ProcessWavFile\Debug\model1_manifest.rc
D:\SubZero\kompletnoResenje\model1\ProcessWavFile\ProcessWavFile\Debug\mt.command.1.tlog
D:\SubZero\kompletnoResenje\model1\ProcessWavFile\ProcessWavFile\Debug\mt.read.1.tlog
D:\SubZero\kompletnoResenje\model1\ProcessWavFile\ProcessWavFile\Debug\mt.write.1.tlog
D:\SubZero\kompletnoResenje\model1\ProcessWavFile\ProcessWavFile\Debug\ProcessWavFile.vcxprojResolveAssemblyReference.cache
D:\SubZero\kompletnoResenje\model1\ProcessWavFile\ProcessWavFile\Debug\rc.command.1.tlog
D:\SubZero\kompletnoResenje\model1\ProcessWavFile\ProcessWavFile\Debug\rc.read.1.tlog
D:\SubZero\kompletnoResenje\model1\ProcessWavFile\ProcessWavFile\Debug\rc.write.1.tlog
D:\SubZero\kompletnoResenje\model1\ProcessWavFile\ProcessWavFile\Debug\vc100.idb
D:\SUBZERO\KOMPLETNORESENJE\MODEL1\PROCESSWAVFILE\PROCESSWAVFILE\DEBUG\VC100.PDB
D:\SUBZERO\KOMPLETNORESENJE\MODEL1\PROCESSWAVFILE\PROCESSWAVFILE\DEBUG\WAVHEADER.OBJ
