Build started 4.12.2018 14:44:15.
     1>Project "D:\SubZero\kompletnoResenje\model1\ProcessWavFile\ProcessWavFile\ProcessWavFile.vcxproj" on node 2 (build target(s)).
     1>InitializeBuildStatus:
         Touching "Debug\model1.unsuccessfulbuild".
       ClCompile:
         C:\Program Files (x86)\Microsoft Visual Studio 10.0\VC\bin\CL.exe /c /ZI /nologo /W3 /WX- /Od /Oy- /D WIN32 /D _DEBUG /D _CONSOLE /Gm /EHsc /RTC1 /MDd /GS /fp:precise /Zc:wchar_t /Zc:forScope /Fo"Debug\\" /Fd"Debug\vc100.pdb" /Gd /TP /analyze- /errorReport:prompt inverter.cpp main.cpp processing.cpp
         processing.cpp
         main.cpp
     1>d:\subzero\kompletnoresenje\model1\processwavfile\processwavfile\main.cpp(26): warning C4996: 'strcpy': This function or variable may be unsafe. Consider using strcpy_s instead. To disable deprecation, use _CRT_SECURE_NO_WARNINGS. See online help for details.
                 c:\program files (x86)\microsoft visual studio 10.0\vc\include\string.h(105) : see declaration of 'strcpy'
     1>d:\subzero\kompletnoresenje\model1\processwavfile\processwavfile\main.cpp(28): warning C4996: 'strcpy': This function or variable may be unsafe. Consider using strcpy_s instead. To disable deprecation, use _CRT_SECURE_NO_WARNINGS. See online help for details.
                 c:\program files (x86)\microsoft visual studio 10.0\vc\include\string.h(105) : see declaration of 'strcpy'
     1>d:\subzero\kompletnoresenje\model1\processwavfile\processwavfile\main.cpp(89): warning C4244: '=' : conversion from 'double' to 'int', possible loss of data
         inverter.cpp
     1>d:\subzero\kompletnoresenje\model1\processwavfile\processwavfile\inverter.cpp(21): warning C4244: 'initializing' : conversion from 'double' to 'float', possible loss of data
     1>d:\subzero\kompletnoresenje\model1\processwavfile\processwavfile\inverter.cpp(25): warning C4244: '=' : conversion from 'double' to 'float', possible loss of data
         Generating Code...
       ManifestResourceCompile:
         All outputs are up-to-date.
       Link:
         C:\Program Files (x86)\Microsoft Visual Studio 10.0\VC\bin\link.exe /ERRORREPORT:PROMPT /OUT:"D:\SubZero\kompletnoResenje\model1\ProcessWavFile\Debug\model1.exe" /INCREMENTAL /NOLOGO /MANIFEST /ManifestFile:"Debug\model1.exe.intermediate.manifest" /MANIFESTUAC:"level='asInvoker' uiAccess='false'" /DEBUG /PDB:"D:\SubZero\kompletnoResenje\model1\ProcessWavFile\Debug\model1.pdb" /SUBSYSTEM:CONSOLE /TLBID:1 /DYNAMICBASE /NXCOMPAT /IMPLIB:"D:\SubZero\kompletnoResenje\model1\ProcessWavFile\Debug\model1.lib" /MACHINE:X86 Debug\model1.exe.embed.manifest.res
         Debug\main.obj
         Debug\inverter.obj
         Debug\processing.obj
         Debug\WAVheader.obj
       Manifest:
         C:\Program Files (x86)\Microsoft SDKs\Windows\v7.0A\bin\mt.exe /nologo /verbose /out:"Debug\model1.exe.embed.manifest" /manifest Debug\model1.exe.intermediate.manifest "C:\Program Files (x86)\Microsoft Visual Studio 10.0\VC\Include\Manifest\dpiaware.manifest"
         All outputs are up-to-date.
       LinkEmbedManifest:
         All outputs are up-to-date.
         ProcessWavFile.vcxproj -> D:\SubZero\kompletnoResenje\model1\ProcessWavFile\Debug\model1.exe
       FinalizeBuildStatus:
         Deleting file "Debug\model1.unsuccessfulbuild".
         Touching "Debug\model1.lastbuildstate".
     1>Done Building Project "D:\SubZero\kompletnoResenje\model1\ProcessWavFile\ProcessWavFile\ProcessWavFile.vcxproj" (build target(s)).

Build succeeded.

Time Elapsed 00:00:00.71
