D:\SubZero\kompletnoResenje\ProcessWavFile\ProcessWavFile\Debug\cl.command.1.tlog
D:\SubZero\kompletnoResenje\ProcessWavFile\ProcessWavFile\Debug\CL.read.1.tlog
D:\SubZero\kompletnoResenje\ProcessWavFile\ProcessWavFile\Debug\CL.write.1.tlog
D:\SubZero\kompletnoResenje\ProcessWavFile\ProcessWavFile\Debug\inverter.obj
D:\SubZero\kompletnoResenje\ProcessWavFile\ProcessWavFile\Debug\link.6084.read.1.tlog
D:\SubZero\kompletnoResenje\ProcessWavFile\ProcessWavFile\Debug\link.6084.write.1.tlog
D:\SubZero\kompletnoResenje\ProcessWavFile\ProcessWavFile\Debug\link.6084-cvtres.read.1.tlog
D:\SubZero\kompletnoResenje\ProcessWavFile\ProcessWavFile\Debug\link.6084-cvtres.write.1.tlog
D:\SubZero\kompletnoResenje\ProcessWavFile\ProcessWavFile\Debug\link.6280.read.1.tlog
D:\SubZero\kompletnoResenje\ProcessWavFile\ProcessWavFile\Debug\link.6280.write.1.tlog
D:\SubZero\kompletnoResenje\ProcessWavFile\ProcessWavFile\Debug\link.6280-cvtres.read.1.tlog
D:\SubZero\kompletnoResenje\ProcessWavFile\ProcessWavFile\Debug\link.6280-cvtres.write.1.tlog
D:\SubZero\kompletnoResenje\ProcessWavFile\ProcessWavFile\Debug\link.6652.read.1.tlog
D:\SubZero\kompletnoResenje\ProcessWavFile\ProcessWavFile\Debug\link.6652.write.1.tlog
D:\SubZero\kompletnoResenje\ProcessWavFile\ProcessWavFile\Debug\link.6652-cvtres.read.1.tlog
D:\SubZero\kompletnoResenje\ProcessWavFile\ProcessWavFile\Debug\link.6652-cvtres.write.1.tlog
D:\SubZero\kompletnoResenje\ProcessWavFile\ProcessWavFile\Debug\link.7112.read.1.tlog
D:\SubZero\kompletnoResenje\ProcessWavFile\ProcessWavFile\Debug\link.7112.write.1.tlog
D:\SubZero\kompletnoResenje\ProcessWavFile\ProcessWavFile\Debug\link.7112-cvtres.read.1.tlog
D:\SubZero\kompletnoResenje\ProcessWavFile\ProcessWavFile\Debug\link.7112-cvtres.write.1.tlog
D:\SubZero\kompletnoResenje\ProcessWavFile\ProcessWavFile\Debug\link.command.1.tlog
D:\SubZero\kompletnoResenje\ProcessWavFile\ProcessWavFile\Debug\link.read.1.tlog
D:\SubZero\kompletnoResenje\ProcessWavFile\ProcessWavFile\Debug\link.write.1.tlog
D:\SubZero\kompletnoResenje\ProcessWavFile\ProcessWavFile\Debug\link-cvtres.read.1.tlog
D:\SubZero\kompletnoResenje\ProcessWavFile\ProcessWavFile\Debug\link-cvtres.write.1.tlog
D:\SubZero\kompletnoResenje\ProcessWavFile\ProcessWavFile\Debug\main.obj
D:\SubZero\kompletnoResenje\ProcessWavFile\ProcessWavFile\Debug\mt.command.1.tlog
D:\SubZero\kompletnoResenje\ProcessWavFile\ProcessWavFile\Debug\mt.read.1.tlog
D:\SubZero\kompletnoResenje\ProcessWavFile\ProcessWavFile\Debug\mt.write.1.tlog
D:\SubZero\kompletnoResenje\ProcessWavFile\ProcessWavFile\Debug\ProcessWavFile.exe.embed.manifest
D:\SubZero\kompletnoResenje\ProcessWavFile\ProcessWavFile\Debug\ProcessWavFile.exe.embed.manifest.res
D:\SubZero\kompletnoResenje\ProcessWavFile\ProcessWavFile\Debug\ProcessWavFile.exe.intermediate.manifest
D:\SubZero\kompletnoResenje\ProcessWavFile\ProcessWavFile\Debug\ProcessWavFile.vcxprojResolveAssemblyReference.cache
D:\SubZero\kompletnoResenje\ProcessWavFile\ProcessWavFile\Debug\ProcessWavFile.write.1.tlog
D:\SubZero\kompletnoResenje\ProcessWavFile\ProcessWavFile\Debug\ProcessWavFile_manifest.rc
D:\SubZero\kompletnoResenje\ProcessWavFile\ProcessWavFile\Debug\rc.command.1.tlog
D:\SubZero\kompletnoResenje\ProcessWavFile\ProcessWavFile\Debug\rc.read.1.tlog
D:\SubZero\kompletnoResenje\ProcessWavFile\ProcessWavFile\Debug\rc.write.1.tlog
D:\SubZero\kompletnoResenje\ProcessWavFile\ProcessWavFile\Debug\vc100.idb
D:\SubZero\kompletnoResenje\ProcessWavFile\ProcessWavFile\Debug\vc100.pdb
D:\SubZero\kompletnoResenje\ProcessWavFile\ProcessWavFile\Debug\WAVheader.obj
D:\SUBZERO\PROJEKAT\PROCESSWAVFILE\DEBUG\PROCESSWAVFILE.EXE
D:\SUBZERO\PROJEKAT\PROCESSWAVFILE\DEBUG\PROCESSWAVFILE.ILK
D:\SUBZERO\PROJEKAT\PROCESSWAVFILE\DEBUG\PROCESSWAVFILE.PDB
D:\SUBZERO\PROJEKAT\PROCESSWAVFILE\PROCESSWAVFILE\DEBUG\INVERTER.OBJ
D:\SUBZERO\PROJEKAT\PROCESSWAVFILE\PROCESSWAVFILE\DEBUG\MAIN.OBJ
D:\SUBZERO\PROJEKAT\PROCESSWAVFILE\PROCESSWAVFILE\DEBUG\PROCESSING.OBJ
D:\SUBZERO\PROJEKAT\PROCESSWAVFILE\PROCESSWAVFILE\DEBUG\PROCESSWAVFILE.EXE.EMBED.MANIFEST
D:\SUBZERO\PROJEKAT\PROCESSWAVFILE\PROCESSWAVFILE\DEBUG\PROCESSWAVFILE.EXE.EMBED.MANIFEST.RES
D:\SUBZERO\PROJEKAT\PROCESSWAVFILE\PROCESSWAVFILE\DEBUG\PROCESSWAVFILE.EXE.INTERMEDIATE.MANIFEST
D:\SUBZERO\PROJEKAT\PROCESSWAVFILE\PROCESSWAVFILE\DEBUG\VC100.PDB
D:\SUBZERO\PROJEKAT\PROCESSWAVFILE\PROCESSWAVFILE\DEBUG\WAVHEADER.OBJ
